root@ip-172-31-29-246:/dev/david/kt/limaconf/wks/docker# docker build . -t limaconf/nodejsapp:v1
docker: "build" requires 1 argument.
See 'docker build --help'.

Usage:  docker build [OPTIONS] PATH | URL | -

Build an image from a Dockerfile
root@ip-172-31-29-246:/dev/david/kt/limaconf/wks/docker# docker build -t limaconf/nodejsapp:v1
docker: "build" requires 1 argument.
See 'docker build --help'.

Usage:  docker build [OPTIONS] PATH | URL | -

Build an image from a Dockerfile
root@ip-172-31-29-246:/dev/david/kt/limaconf/wks/docker# docker build -t limaconf/nodejsapp:v1 .
Sending build context to Docker daemon  5.12 kB
Step 1 : FROM centos:centos6
centos6: Pulling from library/centos

a3ed95caeb02: Pull complete
204c9415d16d: Pull complete
Digest: sha256:ec1bf627545d77d05270b3bbd32a9acca713189c58bc118f21abd17ff2629e3f
Status: Downloaded newer image for centos:centos6
 ---> d0a31e3494fe
Step 2 : RUN yum install -y       curl       git       perl       which  && yum clean all
 ---> Running in 6e939b83b7f0
Loaded plugins: fastestmirror
Setting up Install Process
http://centos.sonn.com/6.7/extras/x86_64/repodata/repomd.xml: [Errno 14] PYCURL ERROR 7 - "Failed to connect to 2001:470:113:3:20c:29ff:fe57:4fcc: Network is unreachable"
Trying other mirror.
Package curl-7.19.7-46.el6.x86_64 already installed and latest version
Package which-2.19-6.el6.x86_64 already installed and latest version
Resolving Dependencies
--> Running transaction check
---> Package git.x86_64 0:1.7.1-4.el6_7.1 will be installed
--> Processing Dependency: perl-Git = 1.7.1-4.el6_7.1 for package: git-1.7.1-4.el6_7.1.x86_64
--> Processing Dependency: rsync for package: git-1.7.1-4.el6_7.1.x86_64
--> Processing Dependency: perl(Git) for package: git-1.7.1-4.el6_7.1.x86_64
--> Processing Dependency: perl(Error) for package: git-1.7.1-4.el6_7.1.x86_64
--> Processing Dependency: openssh-clients for package: git-1.7.1-4.el6_7.1.x86_64
---> Package perl.x86_64 4:5.10.1-141.el6_7.1 will be installed
--> Processing Dependency: perl-libs = 4:5.10.1-141.el6_7.1 for package: 4:perl-5.10.1-141.el6_7.1.x86_64
--> Processing Dependency: perl-libs for package: 4:perl-5.10.1-141.el6_7.1.x86_64
--> Processing Dependency: perl(version) for package: 4:perl-5.10.1-141.el6_7.1.x86_64
--> Processing Dependency: perl(Pod::Simple) for package: 4:perl-5.10.1-141.el6_7.1.x86_64
--> Processing Dependency: perl(Module::Pluggable) for package: 4:perl-5.10.1-141.el6_7.1.x86_64
--> Processing Dependency: libperl.so()(64bit) for package: 4:perl-5.10.1-141.el6_7.1.x86_64
--> Running transaction check
---> Package openssh-clients.x86_64 0:5.3p1-114.el6_7 will be installed
--> Processing Dependency: openssh = 5.3p1-114.el6_7 for package: openssh-clients-5.3p1-114.el6_7.x86_64
--> Processing Dependency: libfipscheck.so.1()(64bit) for package: openssh-clients-5.3p1-114.el6_7.x86_64
--> Processing Dependency: libedit.so.0()(64bit) for package: openssh-clients-5.3p1-114.el6_7.x86_64
---> Package perl-Error.noarch 1:0.17015-4.el6 will be installed
---> Package perl-Git.noarch 0:1.7.1-4.el6_7.1 will be installed
---> Package perl-Module-Pluggable.x86_64 1:3.90-141.el6_7.1 will be installed
---> Package perl-Pod-Simple.x86_64 1:3.13-141.el6_7.1 will be installed
--> Processing Dependency: perl(Pod::Escapes) >= 1.04 for package: 1:perl-Pod-Simple-3.13-141.el6_7.1.x86_64
---> Package perl-libs.x86_64 4:5.10.1-141.el6_7.1 will be installed
---> Package perl-version.x86_64 3:0.77-141.el6_7.1 will be installed
---> Package rsync.x86_64 0:3.0.6-12.el6 will be installed
--> Running transaction check
---> Package fipscheck-lib.x86_64 0:1.2.0-7.el6 will be installed
--> Processing Dependency: /usr/bin/fipscheck for package: fipscheck-lib-1.2.0-7.el6.x86_64
---> Package libedit.x86_64 0:2.11-4.20080712cvs.1.el6 will be installed
---> Package openssh.x86_64 0:5.3p1-114.el6_7 will be installed
--> Processing Dependency: initscripts >= 5.20 for package: openssh-5.3p1-114.el6_7.x86_64
--> Processing Dependency: /sbin/nologin for package: openssh-5.3p1-114.el6_7.x86_64
---> Package perl-Pod-Escapes.x86_64 1:1.04-141.el6_7.1 will be installed
--> Running transaction check
---> Package fipscheck.x86_64 0:1.2.0-7.el6 will be installed
---> Package initscripts.x86_64 0:9.03.49-1.el6.centos.4 will be installed
--> Processing Dependency: udev >= 125-1 for package: initscripts-9.03.49-1.el6.centos.4.x86_64
--> Processing Dependency: sysvinit-tools >= 2.87-6 for package: initscripts-9.03.49-1.el6.centos.4.x86_64
--> Processing Dependency: /sbin/pidof for package: initscripts-9.03.49-1.el6.centos.4.x86_64
--> Processing Dependency: /sbin/ip for package: initscripts-9.03.49-1.el6.centos.4.x86_64
--> Processing Dependency: /sbin/arping for package: initscripts-9.03.49-1.el6.centos.4.x86_64
---> Package util-linux-ng.x86_64 0:2.17.2-12.18.el6 will be installed
--> Running transaction check
---> Package iproute.x86_64 0:2.6.32-45.el6 will be installed
--> Processing Dependency: iptables >= 1.4.5 for package: iproute-2.6.32-45.el6.x86_64
--> Processing Dependency: libxtables.so.4()(64bit) for package: iproute-2.6.32-45.el6.x86_64
---> Package iputils.x86_64 0:20071127-20.el6 will be installed
---> Package sysvinit-tools.x86_64 0:2.87-6.dsf.el6 will be installed
---> Package udev.x86_64 0:147-2.63.el6_7.1 will be installed
--> Processing Dependency: hwdata for package: udev-147-2.63.el6_7.1.x86_64
--> Running transaction check
---> Package hwdata.noarch 0:0.233-14.1.el6 will be installed
---> Package iptables.x86_64 0:1.4.7-16.el6 will be installed
--> Processing Dependency: policycoreutils for package: iptables-1.4.7-16.el6.x86_64
--> Running transaction check
---> Package policycoreutils.x86_64 0:2.0.83-24.el6 will be installed
--> Processing Dependency: libdbus-glib-1.so.2()(64bit) for package: policycoreutils-2.0.83-24.el6.x86_64
--> Running transaction check
---> Package dbus-glib.x86_64 0:0.86-6.el6 will be installed
--> Finished Dependency Resolution

Dependencies Resolved

================================================================================
 Package                 Arch     Version                       Repository
                                                                           Size
================================================================================
Installing:
 git                     x86_64   1.7.1-4.el6_7.1               updates   4.6 M
 perl                    x86_64   4:5.10.1-141.el6_7.1          updates    10 M
Installing for dependencies:
 dbus-glib               x86_64   0.86-6.el6                    base      170 k
 fipscheck               x86_64   1.2.0-7.el6                   base       14 k
 fipscheck-lib           x86_64   1.2.0-7.el6                   base      8.3 k
 hwdata                  noarch   0.233-14.1.el6                base      1.3 M
 initscripts             x86_64   9.03.49-1.el6.centos.4        updates   945 k
 iproute                 x86_64   2.6.32-45.el6                 base      367 k
 iptables                x86_64   1.4.7-16.el6                  base      254 k
 iputils                 x86_64   20071127-20.el6               base      120 k
 libedit                 x86_64   2.11-4.20080712cvs.1.el6      base       74 k
 openssh                 x86_64   5.3p1-114.el6_7               updates   274 k
 openssh-clients         x86_64   5.3p1-114.el6_7               updates   439 k
 perl-Error              noarch   1:0.17015-4.el6               base       29 k
 perl-Git                noarch   1.7.1-4.el6_7.1               updates    28 k
 perl-Module-Pluggable   x86_64   1:3.90-141.el6_7.1            updates    40 k
 perl-Pod-Escapes        x86_64   1:1.04-141.el6_7.1            updates    33 k
 perl-Pod-Simple         x86_64   1:3.13-141.el6_7.1            updates   213 k
 perl-libs               x86_64   4:5.10.1-141.el6_7.1          updates   579 k
 perl-version            x86_64   3:0.77-141.el6_7.1            updates    52 k
 policycoreutils         x86_64   2.0.83-24.el6                 base      651 k
 rsync                   x86_64   3.0.6-12.el6                  base      335 k
 sysvinit-tools          x86_64   2.87-6.dsf.el6                base       60 k
 udev                    x86_64   147-2.63.el6_7.1              updates   355 k
 util-linux-ng           x86_64   2.17.2-12.18.el6              base      1.6 M

Transaction Summary
================================================================================
Install      25 Package(s)

Total download size: 23 M
Installed size: 77 M
Downloading Packages:
--------------------------------------------------------------------------------
Total                                            82 kB/s |  23 MB     04:40
Retrieving key from file:///etc/pki/rpm-gpg/RPM-GPG-KEY-CentOS-6
warning: rpmts_HdrFromFdno: Header V3 RSA/SHA1 Signature, key ID c105b9de: NOKEY
Importing GPG key 0xC105B9DE:
 Userid : CentOS-6 Key (CentOS 6 Official Signing Key) <centos-6-key@centos.org>
 Package: centos-release-6-7.el6.centos.12.3.x86_64 (@CentOS/6.7)
 From   : /etc/pki/rpm-gpg/RPM-GPG-KEY-CentOS-6
Running rpm_check_debug
Running Transaction Test
Transaction Test Succeeded
Running Transaction
  Installing : sysvinit-tools-2.87-6.dsf.el6.x86_64                        1/25
  Installing : 1:perl-Pod-Escapes-1.04-141.el6_7.1.x86_64                  2/25
  Installing : 1:perl-Pod-Simple-3.13-141.el6_7.1.x86_64                   3/25
  Installing : 3:perl-version-0.77-141.el6_7.1.x86_64                      4/25
  Installing : 4:perl-libs-5.10.1-141.el6_7.1.x86_64                       5/25
  Installing : 1:perl-Module-Pluggable-3.90-141.el6_7.1.x86_64             6/25
  Installing : 4:perl-5.10.1-141.el6_7.1.x86_64                            7/25
  Installing : 1:perl-Error-0.17015-4.el6.noarch                           8/25
  Installing : fipscheck-lib-1.2.0-7.el6.x86_64                            9/25
  Installing : fipscheck-1.2.0-7.el6.x86_64                               10/25
  Installing : rsync-3.0.6-12.el6.x86_64                                  11/25
  Installing : libedit-2.11-4.20080712cvs.1.el6.x86_64                    12/25
  Installing : dbus-glib-0.86-6.el6.x86_64                                13/25
  Installing : hwdata-0.233-14.1.el6.noarch                               14/25
  Installing : policycoreutils-2.0.83-24.el6.x86_64                       15/25
  Installing : iptables-1.4.7-16.el6.x86_64                               16/25
  Installing : iproute-2.6.32-45.el6.x86_64                               17/25
  Installing : iputils-20071127-20.el6.x86_64                             18/25
  Installing : util-linux-ng-2.17.2-12.18.el6.x86_64                      19/25
install-info: No such file or directory for /usr/share/info/ipc.info
  Installing : initscripts-9.03.49-1.el6.centos.4.x86_64                  20/25
  Installing : udev-147-2.63.el6_7.1.x86_64                               21/25
  Installing : openssh-5.3p1-114.el6_7.x86_64                             22/25
  Installing : openssh-clients-5.3p1-114.el6_7.x86_64                     23/25
  Installing : perl-Git-1.7.1-4.el6_7.1.noarch                            24/25
  Installing : git-1.7.1-4.el6_7.1.x86_64                                 25/25
  Verifying  : fipscheck-1.2.0-7.el6.x86_64                                1/25
  Verifying  : 1:perl-Module-Pluggable-3.90-141.el6_7.1.x86_64             2/25
  Verifying  : iputils-20071127-20.el6.x86_64                              3/25
  Verifying  : perl-Git-1.7.1-4.el6_7.1.noarch                             4/25
  Verifying  : openssh-5.3p1-114.el6_7.x86_64                              5/25
  Verifying  : 4:perl-5.10.1-141.el6_7.1.x86_64                            6/25
  Verifying  : 1:perl-Error-0.17015-4.el6.noarch                           7/25
  Verifying  : policycoreutils-2.0.83-24.el6.x86_64                        8/25
  Verifying  : iproute-2.6.32-45.el6.x86_64                                9/25
  Verifying  : sysvinit-tools-2.87-6.dsf.el6.x86_64                       10/25
  Verifying  : iptables-1.4.7-16.el6.x86_64                               11/25
  Verifying  : fipscheck-lib-1.2.0-7.el6.x86_64                           12/25
  Verifying  : 1:perl-Pod-Simple-3.13-141.el6_7.1.x86_64                  13/25
  Verifying  : 1:perl-Pod-Escapes-1.04-141.el6_7.1.x86_64                 14/25
  Verifying  : hwdata-0.233-14.1.el6.noarch                               15/25
  Verifying  : openssh-clients-5.3p1-114.el6_7.x86_64                     16/25
  Verifying  : dbus-glib-0.86-6.el6.x86_64                                17/25
  Verifying  : 3:perl-version-0.77-141.el6_7.1.x86_64                     18/25
  Verifying  : 4:perl-libs-5.10.1-141.el6_7.1.x86_64                      19/25
  Verifying  : libedit-2.11-4.20080712cvs.1.el6.x86_64                    20/25
  Verifying  : git-1.7.1-4.el6_7.1.x86_64                                 21/25
  Verifying  : util-linux-ng-2.17.2-12.18.el6.x86_64                      22/25
  Verifying  : rsync-3.0.6-12.el6.x86_64                                  23/25
  Verifying  : initscripts-9.03.49-1.el6.centos.4.x86_64                  24/25
  Verifying  : udev-147-2.63.el6_7.1.x86_64                               25/25

Installed:
  git.x86_64 0:1.7.1-4.el6_7.1         perl.x86_64 4:5.10.1-141.el6_7.1

Dependency Installed:
  dbus-glib.x86_64 0:0.86-6.el6
  fipscheck.x86_64 0:1.2.0-7.el6
  fipscheck-lib.x86_64 0:1.2.0-7.el6
  hwdata.noarch 0:0.233-14.1.el6
  initscripts.x86_64 0:9.03.49-1.el6.centos.4
  iproute.x86_64 0:2.6.32-45.el6
  iptables.x86_64 0:1.4.7-16.el6
  iputils.x86_64 0:20071127-20.el6
  libedit.x86_64 0:2.11-4.20080712cvs.1.el6
  openssh.x86_64 0:5.3p1-114.el6_7
  openssh-clients.x86_64 0:5.3p1-114.el6_7
  perl-Error.noarch 1:0.17015-4.el6
  perl-Git.noarch 0:1.7.1-4.el6_7.1
  perl-Module-Pluggable.x86_64 1:3.90-141.el6_7.1
  perl-Pod-Escapes.x86_64 1:1.04-141.el6_7.1
  perl-Pod-Simple.x86_64 1:3.13-141.el6_7.1
  perl-libs.x86_64 4:5.10.1-141.el6_7.1
  perl-version.x86_64 3:0.77-141.el6_7.1
  policycoreutils.x86_64 0:2.0.83-24.el6
  rsync.x86_64 0:3.0.6-12.el6
  sysvinit-tools.x86_64 0:2.87-6.dsf.el6
  udev.x86_64 0:147-2.63.el6_7.1
  util-linux-ng.x86_64 0:2.17.2-12.18.el6

Complete!
Loaded plugins: fastestmirror
Cleaning repos: base extras updates
Cleaning up Everything
 ---> ab266d8ba676
Removing intermediate container 6e939b83b7f0
Step 3 : RUN curl -sL -o ns.rpm https://rpm.nodesource.com/pub_0.12/el/6/x86_64/nodejs-0.12.7-1nodesource.el6.x86_64.rpm  && rpm -i --nosignature --force ns.rpm  && rm -f ns.rpm
 ---> Running in e14e2be290c9
 ---> 903749cf1355
Removing intermediate container e14e2be290c9
Step 4 : COPY /nodejs /src
 ---> 4cae52e1bacd
Removing intermediate container 4565a4d366f8
Step 5 : RUN cd /src; npm install
 ---> Running in 14ebb6b6b08a
npm WARN package.json limaconf_app@0.0.0 No description
npm WARN package.json limaconf_app@0.0.0 No repository field.
npm WARN package.json limaconf_app@0.0.0 No README data
npm WARN package.json limaconf_app@0.0.0 license should be a valid SPDX license expression
express@4.2.0 node_modules/express
├── parseurl@1.0.1
├── utils-merge@1.0.0
├── merge-descriptors@0.0.2
├── cookie@0.1.2
├── escape-html@1.0.1
├── debug@0.8.1
├── cookie-signature@1.0.3
├── range-parser@1.0.0
├── fresh@0.2.2
├── qs@0.6.6
├── methods@1.0.0
├── buffer-crc32@0.2.1
├── serve-static@1.1.0
├── path-to-regexp@0.1.2
├── send@0.3.0 (debug@0.8.0, mime@1.2.11)
├── type-is@1.1.0 (mime@1.2.11)
└── accepts@1.0.1 (negotiator@0.4.9, mime@1.2.11)
 ---> 30a9dc45a8f1
Removing intermediate container 14ebb6b6b08a
Step 6 : EXPOSE 8003
 ---> Running in 816db1fc33e2
 ---> b1deb4fefe13
Removing intermediate container 816db1fc33e2
Step 7 : CMD node /src/index.js 8003
 ---> Running in c066c815c263
 ---> e3f6cbd80ac3
Removing intermediate container c066c815c263
Successfully built e3f6cbd80ac3
